2020-07-08 13:17:44,800 log.py [line:9] INFO info log
2020-07-08 13:17:44,800 log.py [line:10] WARNING warning log
2020-07-08 13:17:44,800 log.py [line:11] ERROR error log
2020-07-08 13:17:44,800 log.py [line:12] CRITICAL critical log
2020-07-08 13:18:24,592 log.py [line:9] INFO info log
2020-07-08 13:18:24,592 log.py [line:10] WARNING warning log
2020-07-08 13:18:24,592 log.py [line:11] ERROR error log
2020-07-08 13:18:24,592 log.py [line:12] CRITICAL critical log
2020-07-08 16:54:46,735 log.py [line:9] INFO info log
2020-07-08 16:54:46,735 log.py [line:10] WARNING warning log
2020-07-08 16:54:46,735 log.py [line:11] ERROR error log
2020-07-08 16:54:46,735 log.py [line:12] CRITICAL critical log
2020-07-08 16:54:55,299 thread.py [line:22] INFO start all
2020-07-08 16:54:55,299 thread.py [line:10] INFO start loop0
2020-07-08 16:54:59,299 thread.py [line:12] INFO end loop0
2020-07-08 16:54:59,299 thread.py [line:16] INFO start loop1
2020-07-08 16:55:01,299 thread.py [line:18] INFO end loop1
2020-07-08 16:55:01,299 thread.py [line:25] INFO end all
2020-07-08 17:45:28,684 thread.py [line:23] INFO start all
2020-07-08 17:46:56,420 thread.py [line:23] INFO start all
2020-07-08 17:46:56,421 thread.py [line:11] INFO start loop0
2020-07-08 17:46:56,421 thread.py [line:17] INFO start loop1
2020-07-08 17:46:56,421 thread.py [line:29] INFO end all
2020-07-08 17:46:58,421 thread.py [line:19] INFO end loop1
2020-07-08 17:47:00,421 thread.py [line:13] INFO end loop0
2020-07-08 17:47:12,986 thread.py [line:23] INFO start all
2020-07-08 17:47:12,987 thread.py [line:11] INFO start loop0
2020-07-08 17:47:12,987 thread.py [line:17] INFO start loop1
2020-07-08 17:47:12,987 thread.py [line:29] INFO end all
2020-07-08 17:47:14,987 thread.py [line:19] INFO end loop1
2020-07-08 17:47:16,991 thread.py [line:13] INFO end loop0
2020-07-08 17:50:58,101 thread.py [line:23] INFO start all
2020-07-08 17:50:58,101 thread.py [line:11] INFO start loop0
2020-07-08 17:50:58,101 thread.py [line:17] INFO start loop1
2020-07-08 17:51:00,102 thread.py [line:19] INFO end loop1
2020-07-08 17:51:02,101 thread.py [line:13] INFO end loop0
2020-07-08 17:51:02,101 thread.py [line:32] INFO end all
2020-07-08 17:51:20,529 thread.py [line:23] INFO start all
2020-07-08 17:51:20,529 thread.py [line:11] INFO start loop0
2020-07-08 17:51:20,529 thread.py [line:17] INFO start loop1
2020-07-08 17:51:22,529 thread.py [line:19] INFO end loop1
2020-07-08 17:51:24,529 thread.py [line:13] INFO end loop0
2020-07-08 17:51:24,529 thread.py [line:32] INFO end all
2020-07-08 17:51:30,131 thread.py [line:23] INFO start all
2020-07-08 17:51:30,131 thread.py [line:17] INFO start loop1
2020-07-08 17:51:30,132 thread.py [line:11] INFO start loop0
2020-07-08 17:51:32,132 thread.py [line:19] INFO end loop1
2020-07-08 17:51:34,132 thread.py [line:13] INFO end loop0
2020-07-08 17:51:34,132 thread.py [line:32] INFO end all
2020-07-08 17:55:15,947 thread.py [line:23] INFO start all
2020-07-08 17:55:15,948 thread.py [line:11] INFO start loop0
2020-07-08 17:55:15,948 thread.py [line:17] INFO start loop1
2020-07-08 17:55:17,948 thread.py [line:19] INFO end loop1
2020-07-08 17:55:19,948 thread.py [line:13] INFO end loop0
2020-07-08 17:55:19,948 thread.py [line:32] INFO end all
